<?xml version="1.0" encoding="UTF-8"?>
<!-- Generated by org.testng.reporters.JUnitReportReporter -->
<testsuite hostname="SHIVA-PC" failures="0" tests="1" name="scs.DatadrivenExample" time="8.922" errors="0" timestamp="2023-12-02T10:14:18 IST" skipped="0">
  <testcase classname="scs.DatadrivenExample" name="testMethod" time="8.922"/>
  <system-out/>
</testsuite> <!-- scs.DatadrivenExample -->
